{
  message: 'Database is connected',
  level: 'info',
  label: 'UM',
  timestamp: '2023-06-07T15:28:36.945Z'
}
{
  message: 'server listening port  is : 5000',
  level: 'info',
  label: 'UM',
  timestamp: '2023-06-07T15:28:36.955Z'
}
{
  message: 'Database is connected',
  level: 'info',
  label: 'UM',
  timestamp: '2023-06-07T15:29:10.640Z'
}
{
  message: 'server listening port  is : 5000',
  level: 'info',
  label: 'UM',
  timestamp: '2023-06-07T15:29:10.652Z'
}
{
  message: 'Database is connected',
  level: 'info',
  label: 'UM',
  timestamp: '2023-06-07T15:30:45.008Z'
}
{
  message: 'server listening port  is : 5000',
  level: 'info',
  label: 'UM',
  timestamp: '2023-06-07T15:30:45.015Z'
}
{
  message: 'Database is connected',
  level: 'info',
  label: 'UM',
  timestamp: '2023-06-07T15:30:53.600Z'
}
{
  message: 'server listening port  is : 5000',
  level: 'info',
  label: 'UM',
  timestamp: '2023-06-07T15:30:53.605Z'
}
{
  message: 'Database is connected',
  level: 'info',
  label: 'UM',
  timestamp: '2023-06-07T15:31:51.111Z'
}
{
  message: 'server listening port  is : 5000',
  level: 'info',
  label: 'UM',
  timestamp: '2023-06-07T15:31:51.120Z'
}
{
  message: 'Database is connected',
  level: 'info',
  label: 'UM',
  timestamp: '2023-06-07T15:32:29.274Z'
}
{
  message: 'server listening port  is : 5000',
  level: 'info',
  label: 'UM',
  timestamp: '2023-06-07T15:32:29.282Z'
}
{
  message: 'Database is connected',
  level: 'info',
  label: 'UM',
  timestamp: '2023-06-07T15:33:15.689Z'
}
{
  message: 'server listening port  is : 5000',
  level: 'info',
  label: 'UM',
  timestamp: '2023-06-07T15:33:15.697Z'
}
{
  message: 'Database is connected',
  level: 'info',
  label: 'UM',
  timestamp: '2023-06-07T15:46:38.916Z'
}
{
  message: 'server listening port  is : 5000',
  level: 'info',
  label: 'UM',
  timestamp: '2023-06-07T15:46:38.923Z'
}
{
  message: 'Database is connected',
  level: 'info',
  label: 'UM',
  timestamp: '2023-06-07T15:49:30.693Z'
}
{
  message: 'server listening port  is : 5000',
  level: 'info',
  label: 'UM',
  timestamp: '2023-06-07T15:49:30.700Z'
}
