{
  message: 'Database is connected',
  level: 'info',
  label: 'UM',
  timestamp: '2023-06-07T16:18:33.348Z'
}
{
  message: 'server listening port  is : 5000',
  level: 'info',
  label: 'UM',
  timestamp: '2023-06-07T16:18:33.354Z'
}
{
  message: 'Database is connected',
  level: 'info',
  label: 'UM',
  timestamp: '2023-06-07T16:20:25.845Z'
}
{
  message: 'server listening port  is : 5000',
  level: 'info',
  label: 'UM',
  timestamp: '2023-06-07T16:20:25.852Z'
}
{
  message: 'Database is connected',
  level: 'info',
  label: 'UM',
  timestamp: '2023-06-07T16:21:23.841Z'
}
{
  message: 'server listening port  is : 5000',
  level: 'info',
  label: 'UM',
  timestamp: '2023-06-07T16:21:23.847Z'
}
{
  message: 'Database is connected',
  level: 'info',
  label: 'UM',
  timestamp: '2023-06-07T16:27:21.446Z'
}
{
  message: 'server listening port  is : 5000',
  level: 'info',
  label: 'UM',
  timestamp: '2023-06-07T16:27:21.452Z'
}
Wed Jun 07 2023  22 :28:20 [UM] info: Database is connected
Wed Jun 07 2023  22 :28:20 [UM] info: server listening port  is : 5000
Wed Jun 07 2023  22 :39:2 [UM] info: Database is connected
Wed Jun 07 2023  22 :39:2 [UM] info: server listening port  is : 5000
Wed Jun 07 2023  22 :41:23 [UM] info: Database is connected
Wed Jun 07 2023  22 :41:23 [UM] info: server listening port  is : 5000
Wed Jun 07 2023  22 :43:43 [UM] info: Database is connected
Wed Jun 07 2023  22 :43:43 [UM] info: server listening port  is : 5000
Wed Jun 07 2023  22 :44:35 [UM] info: Database is connected
Wed Jun 07 2023  22 :44:35 [UM] info: server listening port  is : 5000
Wed Jun 07 2023  22 :44:51 [UM] info: Database is connected
Wed Jun 07 2023  22 :44:51 [UM] info: server listening port  is : 5000
Wed Jun 07 2023  22 :45:20 [UM] info: Database is connected
Wed Jun 07 2023  22 :45:20 [UM] info: server listening port  is : 5000
Wed Jun 07 2023  22 :46:34 [UM] info: Database is connected
Wed Jun 07 2023  22 :46:34 [UM] info: server listening port  is : 5000
Wed Jun 07 2023  22 :47:23 [UM] info: Database is connected
Wed Jun 07 2023  22 :47:23 [UM] info: server listening port  is : 5000
Wed Jun 07 2023  22 :56:11 [UM] info: Database is connected
Wed Jun 07 2023  22 :56:11 [UM] info: server listening port  is : 5000
Wed Jun 07 2023  22 :56:59 [UM] info: Database is connected
Wed Jun 07 2023  22 :56:59 [UM] info: server listening port  is : 5000
Wed Jun 07 2023  22 :57:14 [UM] info: Database is connected
Wed Jun 07 2023  22 :57:14 [UM] info: server listening port  is : 5000
Wed Jun 07 2023  22 :58:38 [UM] info: Database is connected
Wed Jun 07 2023  22 :58:38 [UM] info: server listening port  is : 5000
Wed Jun 07 2023  22 :59:1 [UM] info: Database is connected
Wed Jun 07 2023  22 :59:1 [UM] info: server listening port  is : 5000
